 *******************************************************************************
 ** Site#: 32691        For non-commercial use only    Version 19.179W 32BITS **
 *******************************************************************************
 ** Cite this program as: MOPAC2016, Version: 19.179W, James J. P. Stewart,   **
 ** Stewart Computational Chemistry, web: HTTP://OpenMOPAC.net. Days left: 337**
 *******************************************************************************
 **                                                                           **
 **                                MOPAC2016                                  **
 **                                                                           **
 *******************************************************************************

                              PM7 CALCULATION RESULTS

 *******************************************************************************
 *  CALCULATION DONE:                                Fri Jul 26 13:57:25 2019  *
 *  T=         - A TIME OF 172800.0 SECONDS REQUESTED
 *  DUMP=N     - RESTART FILE WRITTEN EVERY  7200.000 SECONDS
 *******************************************************************************

 4-amino-2-nitrophenol2.mop

  ATOM    CHEMICAL      BOND LENGTH      BOND ANGLE     TWIST ANGLE 
 NUMBER    SYMBOL       (ANGSTROMS)      (DEGREES)       (DEGREES) 
   (I)                     NA:I           NB:NA:I       NC:NB:NA:I       NA    NB    NC 
     1       C          0.00000000       0.0000000       0.0000000        0     0     0
     2       C          1.33984100  *    0.0000000       0.0000000        1     0     0
     3       C          1.34013300  *  119.3424980  *    0.0000000        2     1     0
     4       C          1.35125800  *  121.8019920  *    0.3588790  *     3     2     1
     5       C          1.35440800  *  118.7288890  *    0.8534800  *     4     3     2
     6       C          1.33850900  *  119.2315170  *   -0.4454060  *     1     2     3
     7       O          1.36488300  *  123.9323590  * -179.3496900  *     5     4     3
     8       N          1.26754300  *  118.0861390  *  179.9223870  *     2     1     6
     9       N          1.25846300  *  119.0551790  * -179.1686390  *     4     3     2
    10       O          1.31158300  *  124.6716840  *  179.1027010  *     9     4     3
    11       O          1.31245100  *  122.4879900  *    0.3408990  *     9     4     3
    12       H          1.10342200  *  121.2227540  *  179.4570780  *     1     2     3
    13       H          1.10363700  *  116.5763110  * -179.3444250  *     3     2     1
    14       H          1.10366300  *  118.6829170  *  179.7179080  *     6     1     2
    15       H          0.97131300  *  107.7873660  *  157.0747260  *     7     5     4
    16       H          1.04945100  *  119.7304790  *  179.8085510  *     8     2     1
    17       H          1.04939100  *  120.5327700  *   -0.1944220  *     8     2     1
 


          CARTESIAN COORDINATES 

    NO.       ATOM           X           Y           Z

     1         C          0.0000      0.0000      0.0000
     2         C          1.3398      0.0000      0.0000
     3         C          1.9965      1.1682      0.0000
     4         C          1.3444      2.3517      0.0072
     5         C         -0.0097      2.3487      0.0323
     6         C         -0.6536      1.1680      0.0091
     7         O         -0.7743      3.4793      0.0289
     8         N          1.9366     -1.1183     -0.0072
     9         N          2.0128      3.4179     -0.0091
    10         O          1.4951      4.6229     -0.0214
    11         O          3.3249      3.4270     -0.0396
    12         H         -0.5720     -0.9436     -0.0089
    13         H          3.0988      1.1150     -0.0113
    14         H         -1.7572      1.1575      0.0042
    15         H         -1.6526      3.2425     -0.3116
    16         H          2.9856     -1.1484     -0.0104
    17         H          1.3902     -2.0141     -0.0099

 General Reference for PM7:
 "Optimization of Parameters for Semiempirical Methods VI: More Modifications to the 
 NDDO Approximations and Re-optimization of Parameters", J. J. P. Stewart, J. Mol. Mod., 1:32, 19 (2013)
 http://www.springerlink.com/openurl.asp?genre=article&id=doi:10.1007/s00894-012-1667-x

           Empirical Formula: C6 H6 N2 O3  =    17 atoms



      MOLECULAR POINT GROUP   :   C1  


      RHF CALCULATION, NO. OF DOUBLY OCCUPIED LEVELS = 29


          Geometry optimization using EF

          DIAGONAL MATRIX USED AS START HESSIAN

 CYCLE:     1 TIME:   0.027 TIME LEFT:  2.00D  GRAD.:   688.071 HEAT:  48.02941
 CYCLE:     2 TIME:   0.062 TIME LEFT:  2.00D  GRAD.:   586.836 HEAT:  33.70288
 CYCLE:     3 TIME:   0.016 TIME LEFT:  2.00D  GRAD.:   264.468 HEAT: -3.432586
 CYCLE:     4 TIME:   0.016 TIME LEFT:  2.00D  GRAD.:   494.378 HEAT: -13.10842
 CYCLE:     5 TIME:   0.016 TIME LEFT:  2.00D  GRAD.:   257.474 HEAT: -16.62521
 CYCLE:     6 TIME:   0.016 TIME LEFT:  2.00D  GRAD.:   160.195 HEAT: -17.75536
 CYCLE:     7 TIME:   0.016 TIME LEFT:  2.00D  GRAD.:   126.999 HEAT: -19.94586
 CYCLE:     8 TIME:   0.016 TIME LEFT:  2.00D  GRAD.:    45.138 HEAT: -20.38554
 CYCLE:     9 TIME:   0.000 TIME LEFT:  2.00D  GRAD.:    24.837 HEAT: -20.85149
 CYCLE:    10 TIME:   0.016 TIME LEFT:  2.00D  GRAD.:    19.223 HEAT: -20.88595
 CYCLE:    11 TIME:   0.000 TIME LEFT:  2.00D  GRAD.:    20.953 HEAT: -20.95429
 CYCLE:    12 TIME:   0.016 TIME LEFT:  2.00D  GRAD.:     4.712 HEAT: -21.02007
 CYCLE:    13 TIME:   0.000 TIME LEFT:  2.00D  GRAD.:     6.600 HEAT: -21.06336
 CYCLE:    14 TIME:   0.016 TIME LEFT:  2.00D  GRAD.:     7.065 HEAT: -21.12335
 CYCLE:    15 TIME:   0.016 TIME LEFT:  2.00D  GRAD.:     5.996 HEAT: -21.16873
 CYCLE:    16 TIME:   0.000 TIME LEFT:  2.00D  GRAD.:     5.321 HEAT: -21.26000
 CYCLE:    17 TIME:   0.016 TIME LEFT:  2.00D  GRAD.:     4.312 HEAT: -21.28889
 CYCLE:    18 TIME:   0.016 TIME LEFT:  2.00D  GRAD.:     1.906 HEAT: -21.31500
 CYCLE:    19 TIME:   0.016 TIME LEFT:  2.00D  GRAD.:     1.164 HEAT: -21.32141
 CYCLE:    20 TIME:   0.000 TIME LEFT:  2.00D  GRAD.:     0.821 HEAT: -21.32499

     GRADIENT =  0.82098 IS LESS THAN CUTOFF =  1.00000



 -------------------------------------------------------------------------------

 4-amino-2-nitrophenol2.mop



     GEOMETRY OPTIMISED USING EIGENVECTOR FOLLOWING (EF).     
     SCF FIELD WAS ACHIEVED                                   


                              PM7 CALCULATION
                                                       MOPAC2016 (Version: 19.179W)
                                                       Fri Jul 26 13:57:25 2019
                                                       No. of days remaining = 337




          FINAL HEAT OF FORMATION =        -21.32497 KCAL/MOL =     -89.22369 KJ/MOL


          TOTAL ENERGY            =      -2073.10779 EV
          ELECTRONIC ENERGY       =      -9658.80752 EV  POINT GROUP:     Cs  
          CORE-CORE REPULSION     =       7585.69974 EV
          COSMO AREA              =        168.65 SQUARE ANGSTROMS
          COSMO VOLUME            =        163.99 CUBIC ANGSTROMS

          GRADIENT NORM           =          0.82098 = 0.19912 PER ATOM
          IONIZATION POTENTIAL    =          8.658148 EV
          HOMO LUMO ENERGIES (EV) =         -8.658 -1.164
          NO. OF FILLED LEVELS    =         29
          MOLECULAR WEIGHT        =        154.1250

          MOLECULAR DIMENSIONS (Angstroms)

            Atom       Atom       Distance
            H    17    O    10     6.79483
            H    14    O    11     5.18872
            O     7    H    12     0.03595


          SCF CALCULATIONS        =         23
 
          WALL-CLOCK TIME         =          0.309 SECONDS
          COMPUTATION TIME        =          0.562 SECONDS




  ATOM    CHEMICAL      BOND LENGTH      BOND ANGLE     TWIST ANGLE 
 NUMBER    SYMBOL       (ANGSTROMS)      (DEGREES)       (DEGREES) 
   (I)                     NA:I           NB:NA:I       NC:NB:NA:I       NA    NB    NC 
     1       C          0.00000000       0.0000000       0.0000000        0     0     0
     2       C          1.41512092  *    0.0000000       0.0000000        1     0     0
     3       C          1.40191869  *  119.7496583  *    0.0000000        2     1     0
     4       C          1.39847536  *  120.0542809  *   -0.1499980  *     3     2     1
     5       C          1.40159016  *  119.6448432  *    0.5972316  *     4     3     2
     6       C          1.38171378  *  120.1140678  *   -0.3229914  *     1     2     3
     7       O          1.35200088  *  117.5335696  *  179.3644735  *     5     4     3
     8       N          1.38373845  *  120.0922830  *  179.7126885  *     2     1     6
     9       N          1.45287287  *  118.0402412  * -179.3945772  *     4     3     2
    10       O          1.21551485  *  119.7427327  * -179.9503783  *     9     4     3
    11       O          1.22553381  *  117.1597616  *    0.1294366  *     9     4     3
    12       H          1.08826183  *  119.7340619  *  179.7750473  *     1     2     3
    13       H          1.09402002  *  120.4663471  * -179.9696116  *     3     2     1
    14       H          1.08828522  *  120.1817751  * -179.6037727  *     6     1     2
    15       H          0.99331464  *  111.6247011  *  178.9554283  *     7     5     4
    16       H          0.99326306  *  120.8526211  * -179.8933484  *     8     2     1
    17       H          0.99093988  *  121.0741683  *   -0.4833446  *     8     2     1

                             CARTESIAN COORDINATES

   1    C        0.000000000     0.000000000     0.000000000
   2    C        1.415120918     0.000000000     0.000000000
   3    C        2.110768851     1.217148298     0.000000000
   4    C        1.407394552     2.425861613    -0.003168911
   5    C        0.005901189     2.412425457     0.006360275
   6    C       -0.693237779     1.195202474     0.006737742
   7    O       -0.630498074     3.605240058     0.016142442
   8    N        2.108919365    -1.197236514    -0.000745556
   9    N        2.172180599     3.661078953    -0.016584942
  10    O        1.592315745     4.729361861    -0.018758302
  11    O        3.393713112     3.562653523    -0.026777328
  12    H       -0.539750634    -0.944970525    -0.003710129
  13    H        3.204703168     1.230832644    -0.000500127
  14    H       -1.781502783     1.196463109     0.013250639
  15    H       -1.617469603     3.493664692     0.005554156
  16    H        3.102093692    -1.210418855     0.000833479
  17    H        1.631048192    -2.065313218     0.005873713


           Empirical Formula: C6 H6 N2 O3  =    17 atoms



      MOLECULAR POINT GROUP   :   Cs  


                  EIGENVALUES  
 -37.37082 -36.83357 -31.47832 -30.58932 -30.04704 -27.37573 -25.71311 -24.46669
 -22.31916 -21.30520 -19.27898 -18.73513 -18.08475 -17.16755 -16.97541 -16.68123
 -16.08293 -15.28070 -14.95667 -14.62088 -13.68424 -13.66773 -12.93665 -11.36646
 -10.90992 -10.85369 -10.84995 -10.68623  -8.65815  -1.16350  -0.26620   0.74027
   0.99382   1.87698   1.92765   2.30025   3.24719   3.55140   3.78858   3.87613
   4.20627   4.65846   4.84085   5.13203   5.19249   5.35732   5.40629   5.64024
   5.74700   6.49463


              NET ATOMIC CHARGES AND DIPOLE CONTRIBUTIONS

  ATOM NO.   TYPE          CHARGE      No. of ELECS.   s-Pop       p-Pop       
    1          C          -0.178834        4.1788     1.07900     3.09983
    2          C           0.212421        3.7876     1.04556     2.74202
    3          C          -0.202054        4.2021     1.07854     3.12352
    4          C          -0.093642        4.0936     1.06681     3.02683
    5          C           0.235725        3.7643     1.07095     2.69333
    6          C          -0.232883        4.2329     1.07840     3.15448
    7          O          -0.399785        6.3998     1.84426     4.55552
    8          N          -0.646913        5.6469     1.50942     4.13750
    9          N           0.635222        4.3648     1.44592     2.91886
   10          O          -0.354637        6.3546     1.94100     4.41364
   11          O          -0.430610        6.4306     1.94242     4.48819
   12          H           0.161022        0.8390     0.83898
   13          H           0.195467        0.8045     0.80453
   14          H           0.165481        0.8345     0.83452
   15          H           0.318948        0.6811     0.68105
   16          H           0.310647        0.6894     0.68935
   17          H           0.304425        0.6956     0.69557
 DIPOLE           X         Y         Z       TOTAL
 POINT-CHG.    -3.191    -6.433     0.035     7.181
 HYBRID        -0.028     0.041     0.005     0.050
 SUM           -3.219    -6.392     0.040     7.156


          ATOMIC ORBITAL ELECTRON POPULATIONS

     Atom    s        px        py        pz   
    1  C   1.07900   0.99303   1.06422   1.04259
    2  C   1.04556   0.93183   0.85320   0.95698
    3  C   1.07854   1.10346   0.95323   1.06682
    4  C   1.06681   0.94998   0.91522   1.16163
    5  C   1.07095   0.91399   0.83641   0.94292
    6  C   1.07840   1.08950   0.98277   1.08222
    7  O   1.84426   1.33914   1.32843   1.88795
    8  N   1.50942   1.18300   1.13654   1.81796
    9  N   1.44592   0.97942   0.99412   0.94532
   10  O   1.94100   1.69245   1.19886   1.52233
   11  O   1.94242   0.99551   1.91957   1.57311
   12  H   0.83898
   13  H   0.80453
   14  H   0.83452
   15  H   0.68105
   16  H   0.68935
   17  H   0.69557

 **********************
 *                    *
 * JOB ENDED NORMALLY *
 *                    *
 **********************



 TOTAL JOB TIME:             0.31 SECONDS

 == MOPAC DONE ==
