 *******************************************************************************
 ** Site#: 32691        For non-commercial use only    Version 19.179W 32BITS **
 *******************************************************************************
 ** Cite this program as: MOPAC2016, Version: 19.179W, James J. P. Stewart,   **
 ** Stewart Computational Chemistry, web: HTTP://OpenMOPAC.net. Days left: 340**
 *******************************************************************************
 **                                                                           **
 **                                MOPAC2016                                  **
 **                                                                           **
 *******************************************************************************

                              PM7 CALCULATION RESULTS

 *******************************************************************************
 *  CALCULATION DONE:                                Tue Jul 23 13:54:58 2019  *
 *  T=         - A TIME OF 172800.0 SECONDS REQUESTED
 *  DUMP=N     - RESTART FILE WRITTEN EVERY  7200.000 SECONDS
 *******************************************************************************

 4-amino-2-nitrophenol.mop

  ATOM    CHEMICAL      BOND LENGTH      BOND ANGLE     TWIST ANGLE 
 NUMBER    SYMBOL       (ANGSTROMS)      (DEGREES)       (DEGREES) 
   (I)                     NA:I           NB:NA:I       NC:NB:NA:I       NA    NB    NC 
     1       C          0.00000000       0.0000000       0.0000000        0     0     0
     2       C          1.34021000  *    0.0000000       0.0000000        1     0     0
     3       C          1.33967200  *  119.4275850  *    0.0000000        2     1     0
     4       C          1.33888500  *  119.2136520  *   -0.0274130  *     3     2     1
     5       C          1.34570800  *  122.2780780  *   -0.3919000  *     4     3     2
     6       C          1.34977300  *  121.5141010  *    0.0771450  *     1     2     3
     7       N          1.25673800  *  119.3684390  *  179.7297480  *     6     1     2
     8       O          1.31332900  *  123.6604790  *    0.3048950  *     7     6     1
     9       O          1.30857300  *  122.7948030  * -179.2613850  *     7     6     1
    10       O          1.36562500  *  117.7219130  *  179.2191290  *     5     4     3
    11       N          1.26734400  *  121.9846460  *  179.9951140  *     2     1     6
    12       H          1.10366000  *  117.0848390  * -179.9727050  *     1     2     3
    13       H          1.10336100  *  121.1624930  *  179.7738350  *     3     2     1
    14       H          1.10374600  *  118.6333840  *  179.5903660  *     4     3     2
    15       H          0.96617600  *  115.3625250  * -163.9208000  *    10     5     4
    16       H          1.04938900  *  120.3102120  * -179.9685940  *    11     2     1
    17       H          1.04942300  *  120.0404970  *    0.0496660  *    11     2     1
 


          CARTESIAN COORDINATES 

    NO.       ATOM           X           Y           Z

     1         C          0.0000      0.0000      0.0000
     2         C          1.3402      0.0000      0.0000
     3         C          1.9984      1.1668      0.0000
     4         C          1.3017      2.3101     -0.0006
     5         C         -0.0438      2.3317     -0.0089
     6         C         -0.7055      1.1507     -0.0015
     7         N         -1.9614      1.1036     -0.0067
     8         O         -2.6479     -0.0160     -0.0048
     9         O         -2.7108      2.1763     -0.0226
    10         O         -0.6597      3.5505      0.0078
    11         N          2.0115     -1.0749      0.0015
    12         H         -0.5025     -0.9826      0.0005
    13         H          3.1013      1.2002      0.0037
    14         H          1.8537      3.2659      0.0064
    15         H         -1.5967      3.5375      0.2433
    16         H          3.0605     -1.0443      0.0020
    17         H          1.5192     -2.0017      0.0021

 General Reference for PM7:
 "Optimization of Parameters for Semiempirical Methods VI: More Modifications to the 
 NDDO Approximations and Re-optimization of Parameters", J. J. P. Stewart, J. Mol. Mod., 1:32, 19 (2013)
 http://www.springerlink.com/openurl.asp?genre=article&id=doi:10.1007/s00894-012-1667-x

           Empirical Formula: C6 H6 N2 O3  =    17 atoms



      MOLECULAR POINT GROUP   :   C1  


      RHF CALCULATION, NO. OF DOUBLY OCCUPIED LEVELS = 29


          Geometry optimization using EF

          DIAGONAL MATRIX USED AS START HESSIAN

 CYCLE:     1 TIME:   0.109 TIME LEFT:  2.00D  GRAD.:   754.425 HEAT:  38.54089
 CYCLE:     2 TIME:   0.094 TIME LEFT:  2.00D  GRAD.:   630.989 HEAT:  30.84766
 CYCLE:     3 TIME:   0.156 TIME LEFT:  2.00D  GRAD.:   366.768 HEAT: -9.729610
 CYCLE:     4 TIME:   0.031 TIME LEFT:  2.00D  GRAD.:   478.611 HEAT: -14.85243
 CYCLE:     5 TIME:   0.016 TIME LEFT:  2.00D  GRAD.:   106.797 HEAT: -23.00709
 CYCLE:     6 TIME:   0.016 TIME LEFT:  2.00D  GRAD.:    41.032 HEAT: -26.88985
 CYCLE:     7 TIME:   0.016 TIME LEFT:  2.00D  GRAD.:    80.765 HEAT: -27.14841
 CYCLE:     8 TIME:   0.016 TIME LEFT:  2.00D  GRAD.:    31.679 HEAT: -28.29160
 CYCLE:     9 TIME:   0.000 TIME LEFT:  2.00D  GRAD.:    21.568 HEAT: -28.59441
 CYCLE:    10 TIME:   0.031 TIME LEFT:  2.00D  GRAD.:    16.597 HEAT: -28.74429
 CYCLE:    11 TIME:   0.000 TIME LEFT:  2.00D  GRAD.:     8.408 HEAT: -28.92085
 CYCLE:    12 TIME:   0.016 TIME LEFT:  2.00D  GRAD.:     8.350 HEAT: -29.03840
 CYCLE:    13 TIME:   0.016 TIME LEFT:  2.00D  GRAD.:     5.066 HEAT: -29.10505
 CYCLE:    14 TIME:   0.016 TIME LEFT:  2.00D  GRAD.:     3.244 HEAT: -29.13931
 CYCLE:    15 TIME:   0.000 TIME LEFT:  2.00D  GRAD.:     3.694 HEAT: -29.16801
 CYCLE:    16 TIME:   0.016 TIME LEFT:  2.00D  GRAD.:     2.111 HEAT: -29.19268
 CYCLE:    17 TIME:   0.016 TIME LEFT:  2.00D  GRAD.:     1.080 HEAT: -29.19660
 CYCLE:    18 TIME:   0.016 TIME LEFT:  2.00D  GRAD.:     0.530 HEAT: -29.19886

     GRADIENT =  0.53040 IS LESS THAN CUTOFF =  1.00000



 -------------------------------------------------------------------------------

 4-amino-2-nitrophenol.mop



     GEOMETRY OPTIMISED USING EIGENVECTOR FOLLOWING (EF).     
     SCF FIELD WAS ACHIEVED                                   


                              PM7 CALCULATION
                                                       MOPAC2016 (Version: 19.179W)
                                                       Tue Jul 23 13:54:59 2019
                                                       No. of days remaining = 340




          FINAL HEAT OF FORMATION =        -29.19886 KCAL/MOL =    -122.16802 KJ/MOL


          TOTAL ENERGY            =      -2073.36439 EV
          ELECTRONIC ENERGY       =      -9675.75802 EV  POINT GROUP:     Cs  
          CORE-CORE REPULSION     =       7602.39364 EV
          COSMO AREA              =        167.48 SQUARE ANGSTROMS
          COSMO VOLUME            =        162.74 CUBIC ANGSTROMS

          GRADIENT NORM           =          0.53040 = 0.12864 PER ATOM
          IONIZATION POTENTIAL    =          8.663279 EV
          HOMO LUMO ENERGIES (EV) =         -8.663 -1.367
          NO. OF FILLED LEVELS    =         29
          MOLECULAR WEIGHT        =        154.1250

          MOLECULAR DIMENSIONS (Angstroms)

            Atom       Atom       Distance
            H    16    O     9     6.78816
            H    14    O     8     5.18740
            H    14    H    17     0.04018


          SCF CALCULATIONS        =         23
 
          WALL-CLOCK TIME         =          0.609 SECONDS
          COMPUTATION TIME        =          0.842 SECONDS




  ATOM    CHEMICAL      BOND LENGTH      BOND ANGLE     TWIST ANGLE 
 NUMBER    SYMBOL       (ANGSTROMS)      (DEGREES)       (DEGREES) 
   (I)                     NA:I           NB:NA:I       NC:NB:NA:I       NA    NB    NC 
     1       C          0.00000000       0.0000000       0.0000000        0     0     0
     2       C          1.39374788  *    0.0000000       0.0000000        1     0     0
     3       C          1.42399560  *  119.8457663  *    0.0000000        2     1     0
     4       C          1.37373510  *  120.3698028  *   -0.1324171  *     3     2     1
     5       C          1.41382159  *  119.8803441  *    0.0388864  *     4     3     2
     6       C          1.40684108  *  119.8256899  *    0.2414284  *     1     2     3
     7       N          1.43931597  *  118.3955225  *  179.7832849  *     6     1     2
     8       O          1.21597470  *  119.4580137  *   -1.3243102  *     7     6     1
     9       O          1.23520598  *  118.4053359  *  178.7537708  *     7     6     1
    10       O          1.34048224  *  115.0876881  *  179.9198291  *     5     4     3
    11       N          1.38444541  *  120.5538106  * -179.9357299  *     2     1     6
    12       H          1.09183979  *  120.8530616  * -179.7818457  *     1     2     3
    13       H          1.08947866  *  119.2673519  *  179.7986900  *     3     2     1
    14       H          1.09144330  *  121.8494776  *  179.9664424  *     4     3     2
    15       H          1.01495942  *  111.0523296  * -179.4518854  *    10     5     4
    16       H          0.99084818  *  121.1146859  *  179.9742329  *    11     2     1
    17       H          0.99292243  *  120.8046567  *    0.1301933  *    11     2     1

                             CARTESIAN COORDINATES

   1    C        0.000000000     0.000000000     0.000000000
   2    C        1.393747878     0.000000000     0.000000000
   3    C        2.102423427     1.235128515     0.000000000
   4    C        1.420039549     2.427392272    -0.002739204
   5    C        0.006221363     2.429758474    -0.004744051
   6    C       -0.699710689     1.220483641    -0.005142807
   7    N       -2.138570436     1.184545064    -0.009780462
   8    O       -2.709878088     0.111403125    -0.033622008
   9    O       -2.753170834     2.255822241     0.009334447
  10    O       -0.560116241     3.644729063    -0.005654041
  11    N        2.097527042    -1.192212394     0.003686328
  12    H       -0.559937071    -0.937321640     0.003568879
  13    H        3.191841481     1.224133077     0.003339261
  14    H        1.938586957     3.387786372    -0.002261340
  15    H       -1.572650062     3.575017917     0.001977735
  16    H        3.088327674    -1.201912949     0.003334822
  17    H        1.621593251    -2.063637319     0.004442864


           Empirical Formula: C6 H6 N2 O3  =    17 atoms



      MOLECULAR POINT GROUP   :   Cs  


                  EIGENVALUES  
 -37.38219 -37.26293 -31.54163 -30.77325 -30.03783 -27.59457 -25.83773 -24.66290
 -22.15796 -21.70470 -19.35906 -19.01981 -17.85811 -17.47822 -17.39179 -17.00210
 -15.89564 -15.28512 -15.04469 -14.58880 -13.94703 -13.71625 -12.89916 -11.53117
 -11.42091 -11.35397 -11.23885 -10.92754  -8.66328  -1.36712  -0.22860   0.38827
   0.63967   1.79422   1.98865   2.31041   3.15583   3.42951   3.69592   3.91540
   4.18969   4.31080   4.82791   4.93336   5.11006   5.43348   5.54022   5.67962
   5.71836   6.48817


              NET ATOMIC CHARGES AND DIPOLE CONTRIBUTIONS

  ATOM NO.   TYPE          CHARGE      No. of ELECS.   s-Pop       p-Pop       
    1          C          -0.212126        4.2121     1.07262     3.13950
    2          C           0.209134        3.7909     1.04485     2.74602
    3          C          -0.164218        4.1642     1.08372     3.08050
    4          C          -0.185910        4.1859     1.07930     3.10661
    5          C           0.291206        3.7088     1.07405     2.63474
    6          C          -0.178175        4.1782     1.06314     3.11504
    7          N           0.653057        4.3469     1.44488     2.90206
    8          O          -0.362780        6.3628     1.94071     4.42207
    9          O          -0.470477        6.4705     1.94166     4.52882
   10          O          -0.452659        6.4527     1.84382     4.60884
   11          N          -0.649200        5.6492     1.50942     4.13978
   12          H           0.189321        0.8107     0.81068
   13          H           0.162465        0.8375     0.83754
   14          H           0.184415        0.8156     0.81559
   15          H           0.371534        0.6285     0.62847
   16          H           0.304753        0.6952     0.69525
   17          H           0.309659        0.6903     0.69034
 DIPOLE           X         Y         Z       TOTAL
 POINT-CHG.     5.819    -1.916     0.027     6.126
 HYBRID        -0.610    -0.232    -0.002     0.653
 SUM            5.208    -2.148     0.025     5.634


          ATOMIC ORBITAL ELECTRON POPULATIONS

     Atom    s        px        py        pz   
    1  C   1.07262   0.99303   1.05504   1.09144
    2  C   1.04485   0.93238   0.85140   0.96225
    3  C   1.08372   1.08814   0.97316   1.01921
    4  C   1.07930   0.98996   1.07094   1.04571
    5  C   1.07405   0.93215   0.80999   0.89260
    6  C   1.06314   0.86520   1.01331   1.23653
    7  N   1.44488   1.00363   0.96734   0.93109
    8  O   1.94071   1.72639   1.17187   1.52381
    9  O   1.94166   1.69796   1.22076   1.61010
   10  O   1.84382   1.41526   1.32746   1.86612
   11  N   1.50942   1.17907   1.13992   1.82080
   12  H   0.81068
   13  H   0.83754
   14  H   0.81559
   15  H   0.62847
   16  H   0.69525
   17  H   0.69034

 **********************
 *                    *
 * JOB ENDED NORMALLY *
 *                    *
 **********************



 TOTAL JOB TIME:             0.61 SECONDS

 == MOPAC DONE ==
